[INFO] [2018-03-09 20:07:53][org.springframework.test.context.support.DefaultTestContextBootstrapper]Loaded default TestExecutionListener class names from location [META-INF/spring.factories]: [org.springframework.test.context.web.ServletTestExecutionListener, org.springframework.test.context.support.DirtiesContextBeforeModesTestExecutionListener, org.springframework.test.context.support.DependencyInjectionTestExecutionListener, org.springframework.test.context.support.DirtiesContextTestExecutionListener, org.springframework.test.context.transaction.TransactionalTestExecutionListener, org.springframework.test.context.jdbc.SqlScriptsTestExecutionListener]
  [INFO] [2018-03-09 20:07:53][org.springframework.test.context.support.DefaultTestContextBootstrapper]Using TestExecutionListeners: [org.springframework.test.context.web.ServletTestExecutionListener@3532ec19, org.springframework.test.context.support.DirtiesContextBeforeModesTestExecutionListener@68c4039c, org.springframework.test.context.support.DependencyInjectionTestExecutionListener@ae45eb6, org.springframework.test.context.support.DirtiesContextTestExecutionListener@59f99ea, org.springframework.test.context.transaction.TransactionalTestExecutionListener@27efef64, org.springframework.test.context.jdbc.SqlScriptsTestExecutionListener@6f7fd0e6]
  [INFO] [2018-03-09 20:07:54][org.springframework.beans.factory.xml.XmlBeanDefinitionReader]Loading XML bean definitions from URL [file:/E:/IDEAWorkPlace/studenthelper/target/classes/spring-mvc.xml]
  [INFO] [2018-03-09 20:07:54][org.springframework.beans.factory.xml.XmlBeanDefinitionReader]Loading XML bean definitions from URL [file:/E:/IDEAWorkPlace/studenthelper/target/classes/spring-mybatis.xml]
  [INFO] [2018-03-09 20:07:54][org.springframework.context.support.GenericApplicationContext]Refreshing org.springframework.context.support.GenericApplicationContext@4e1d422d: startup date [Fri Mar 09 20:07:54 CST 2018]; root of context hierarchy
  [INFO] [2018-03-09 20:07:54][org.springframework.beans.factory.config.PropertyPlaceholderConfigurer]Loading properties file from class path resource [jdbc.properties]
  [INFO] [2018-03-09 20:07:54][org.springframework.beans.factory.annotation.AutowiredAnnotationBeanPostProcessor]JSR-330 'javax.inject.Inject' annotation found and supported for autowiring
  [INFO] [2018-03-09 20:07:55][org.springframework.web.servlet.handler.SimpleUrlHandlerMapping]Mapped URL path [/**] onto handler 'org.springframework.web.servlet.resource.DefaultServletHttpRequestHandler#0'
  [INFO] [2018-03-09 20:07:55][org.springframework.web.servlet.mvc.method.annotation.RequestMappingHandlerMapping]Mapped "{[/checklogin]}" onto public java.lang.String com.cms.Controller.LoginController.checkLogin(java.lang.String,java.lang.String,javax.servlet.http.HttpSession)
  [INFO] [2018-03-09 20:07:55][org.springframework.web.servlet.mvc.method.annotation.RequestMappingHandlerAdapter]Looking for @ControllerAdvice: org.springframework.context.support.GenericApplicationContext@4e1d422d: startup date [Fri Mar 09 20:07:54 CST 2018]; root of context hierarchy
  [INFO] [2018-03-09 20:07:55][org.springframework.web.servlet.mvc.method.annotation.RequestMappingHandlerAdapter]Looking for @ControllerAdvice: org.springframework.context.support.GenericApplicationContext@4e1d422d: startup date [Fri Mar 09 20:07:54 CST 2018]; root of context hierarchy
  [INFO] [2018-03-09 20:07:56][com.cms.Service.UserService]用户登录
  [INFO] [2018-03-09 20:07:56][org.springframework.context.support.GenericApplicationContext]Closing org.springframework.context.support.GenericApplicationContext@4e1d422d: startup date [Fri Mar 09 20:07:54 CST 2018]; root of context hierarchy
  [INFO] [2018-03-09 20:09:14][org.springframework.test.context.support.DefaultTestContextBootstrapper]Loaded default TestExecutionListener class names from location [META-INF/spring.factories]: [org.springframework.test.context.web.ServletTestExecutionListener, org.springframework.test.context.support.DirtiesContextBeforeModesTestExecutionListener, org.springframework.test.context.support.DependencyInjectionTestExecutionListener, org.springframework.test.context.support.DirtiesContextTestExecutionListener, org.springframework.test.context.transaction.TransactionalTestExecutionListener, org.springframework.test.context.jdbc.SqlScriptsTestExecutionListener]
  [INFO] [2018-03-09 20:09:14][org.springframework.test.context.support.DefaultTestContextBootstrapper]Using TestExecutionListeners: [org.springframework.test.context.web.ServletTestExecutionListener@26653222, org.springframework.test.context.support.DirtiesContextBeforeModesTestExecutionListener@3532ec19, org.springframework.test.context.support.DependencyInjectionTestExecutionListener@68c4039c, org.springframework.test.context.support.DirtiesContextTestExecutionListener@ae45eb6, org.springframework.test.context.transaction.TransactionalTestExecutionListener@59f99ea, org.springframework.test.context.jdbc.SqlScriptsTestExecutionListener@27efef64]
  [INFO] [2018-03-09 20:09:14][org.springframework.beans.factory.xml.XmlBeanDefinitionReader]Loading XML bean definitions from URL [file:/E:/IDEAWorkPlace/studenthelper/target/classes/spring-mvc.xml]
  [INFO] [2018-03-09 20:09:14][org.springframework.beans.factory.xml.XmlBeanDefinitionReader]Loading XML bean definitions from URL [file:/E:/IDEAWorkPlace/studenthelper/target/classes/spring-mybatis.xml]
  [INFO] [2018-03-09 20:09:14][org.springframework.context.support.GenericApplicationContext]Refreshing org.springframework.context.support.GenericApplicationContext@3327bd23: startup date [Fri Mar 09 20:09:14 CST 2018]; root of context hierarchy
  [INFO] [2018-03-09 20:09:14][org.springframework.beans.factory.config.PropertyPlaceholderConfigurer]Loading properties file from class path resource [jdbc.properties]
  [INFO] [2018-03-09 20:09:14][org.springframework.beans.factory.annotation.AutowiredAnnotationBeanPostProcessor]JSR-330 'javax.inject.Inject' annotation found and supported for autowiring
  [INFO] [2018-03-09 20:09:15][org.springframework.web.servlet.handler.SimpleUrlHandlerMapping]Mapped URL path [/**] onto handler 'org.springframework.web.servlet.resource.DefaultServletHttpRequestHandler#0'
  [INFO] [2018-03-09 20:09:15][org.springframework.web.servlet.mvc.method.annotation.RequestMappingHandlerMapping]Mapped "{[/checklogin]}" onto public java.lang.String com.cms.Controller.LoginController.checkLogin(java.lang.String,java.lang.String,javax.servlet.http.HttpSession)
  [INFO] [2018-03-09 20:09:15][org.springframework.web.servlet.mvc.method.annotation.RequestMappingHandlerAdapter]Looking for @ControllerAdvice: org.springframework.context.support.GenericApplicationContext@3327bd23: startup date [Fri Mar 09 20:09:14 CST 2018]; root of context hierarchy
  [INFO] [2018-03-09 20:09:16][org.springframework.web.servlet.mvc.method.annotation.RequestMappingHandlerAdapter]Looking for @ControllerAdvice: org.springframework.context.support.GenericApplicationContext@3327bd23: startup date [Fri Mar 09 20:09:14 CST 2018]; root of context hierarchy
  [INFO] [2018-03-09 20:09:16][com.cms.Service.UserService]用户登录
  [INFO] [2018-03-09 20:09:16][org.springframework.context.support.GenericApplicationContext]Closing org.springframework.context.support.GenericApplicationContext@3327bd23: startup date [Fri Mar 09 20:09:14 CST 2018]; root of context hierarchy
  [INFO] [2018-03-09 20:09:42][org.springframework.test.context.support.DefaultTestContextBootstrapper]Loaded default TestExecutionListener class names from location [META-INF/spring.factories]: [org.springframework.test.context.web.ServletTestExecutionListener, org.springframework.test.context.support.DirtiesContextBeforeModesTestExecutionListener, org.springframework.test.context.support.DependencyInjectionTestExecutionListener, org.springframework.test.context.support.DirtiesContextTestExecutionListener, org.springframework.test.context.transaction.TransactionalTestExecutionListener, org.springframework.test.context.jdbc.SqlScriptsTestExecutionListener]
  [INFO] [2018-03-09 20:09:42][org.springframework.test.context.support.DefaultTestContextBootstrapper]Using TestExecutionListeners: [org.springframework.test.context.web.ServletTestExecutionListener@26653222, org.springframework.test.context.support.DirtiesContextBeforeModesTestExecutionListener@3532ec19, org.springframework.test.context.support.DependencyInjectionTestExecutionListener@68c4039c, org.springframework.test.context.support.DirtiesContextTestExecutionListener@ae45eb6, org.springframework.test.context.transaction.TransactionalTestExecutionListener@59f99ea, org.springframework.test.context.jdbc.SqlScriptsTestExecutionListener@27efef64]
  [INFO] [2018-03-09 20:09:42][org.springframework.beans.factory.xml.XmlBeanDefinitionReader]Loading XML bean definitions from URL [file:/E:/IDEAWorkPlace/studenthelper/target/classes/spring-mvc.xml]
  [INFO] [2018-03-09 20:09:42][org.springframework.beans.factory.xml.XmlBeanDefinitionReader]Loading XML bean definitions from URL [file:/E:/IDEAWorkPlace/studenthelper/target/classes/spring-mybatis.xml]
  [INFO] [2018-03-09 20:09:42][org.springframework.context.support.GenericApplicationContext]Refreshing org.springframework.context.support.GenericApplicationContext@3327bd23: startup date [Fri Mar 09 20:09:42 CST 2018]; root of context hierarchy
  [INFO] [2018-03-09 20:09:43][org.springframework.beans.factory.config.PropertyPlaceholderConfigurer]Loading properties file from class path resource [jdbc.properties]
  [INFO] [2018-03-09 20:09:43][org.springframework.beans.factory.annotation.AutowiredAnnotationBeanPostProcessor]JSR-330 'javax.inject.Inject' annotation found and supported for autowiring
  [INFO] [2018-03-09 20:09:43][org.springframework.web.servlet.handler.SimpleUrlHandlerMapping]Mapped URL path [/**] onto handler 'org.springframework.web.servlet.resource.DefaultServletHttpRequestHandler#0'
  [INFO] [2018-03-09 20:09:43][org.springframework.web.servlet.mvc.method.annotation.RequestMappingHandlerMapping]Mapped "{[/checklogin]}" onto public java.lang.String com.cms.Controller.LoginController.checkLogin(java.lang.String,java.lang.String,javax.servlet.http.HttpSession)
  [INFO] [2018-03-09 20:09:44][org.springframework.web.servlet.mvc.method.annotation.RequestMappingHandlerAdapter]Looking for @ControllerAdvice: org.springframework.context.support.GenericApplicationContext@3327bd23: startup date [Fri Mar 09 20:09:42 CST 2018]; root of context hierarchy
  [INFO] [2018-03-09 20:09:44][org.springframework.web.servlet.mvc.method.annotation.RequestMappingHandlerAdapter]Looking for @ControllerAdvice: org.springframework.context.support.GenericApplicationContext@3327bd23: startup date [Fri Mar 09 20:09:42 CST 2018]; root of context hierarchy
  [INFO] [2018-03-09 20:09:44][org.springframework.context.support.GenericApplicationContext]Closing org.springframework.context.support.GenericApplicationContext@3327bd23: startup date [Fri Mar 09 20:09:42 CST 2018]; root of context hierarchy
  [INFO] [2018-03-09 20:12:50][org.springframework.test.context.support.DefaultTestContextBootstrapper]Loaded default TestExecutionListener class names from location [META-INF/spring.factories]: [org.springframework.test.context.web.ServletTestExecutionListener, org.springframework.test.context.support.DirtiesContextBeforeModesTestExecutionListener, org.springframework.test.context.support.DependencyInjectionTestExecutionListener, org.springframework.test.context.support.DirtiesContextTestExecutionListener, org.springframework.test.context.transaction.TransactionalTestExecutionListener, org.springframework.test.context.jdbc.SqlScriptsTestExecutionListener]
  [INFO] [2018-03-09 20:12:50][org.springframework.test.context.support.DefaultTestContextBootstrapper]Using TestExecutionListeners: [org.springframework.test.context.web.ServletTestExecutionListener@26653222, org.springframework.test.context.support.DirtiesContextBeforeModesTestExecutionListener@3532ec19, org.springframework.test.context.support.DependencyInjectionTestExecutionListener@68c4039c, org.springframework.test.context.support.DirtiesContextTestExecutionListener@ae45eb6, org.springframework.test.context.transaction.TransactionalTestExecutionListener@59f99ea, org.springframework.test.context.jdbc.SqlScriptsTestExecutionListener@27efef64]
  [INFO] [2018-03-09 20:12:50][org.springframework.beans.factory.xml.XmlBeanDefinitionReader]Loading XML bean definitions from URL [file:/E:/IDEAWorkPlace/studenthelper/target/classes/spring-mvc.xml]
  [INFO] [2018-03-09 20:12:50][org.springframework.beans.factory.xml.XmlBeanDefinitionReader]Loading XML bean definitions from URL [file:/E:/IDEAWorkPlace/studenthelper/target/classes/spring-mybatis.xml]
  [INFO] [2018-03-09 20:12:50][org.springframework.context.support.GenericApplicationContext]Refreshing org.springframework.context.support.GenericApplicationContext@3327bd23: startup date [Fri Mar 09 20:12:50 CST 2018]; root of context hierarchy
  [INFO] [2018-03-09 20:12:51][org.springframework.beans.factory.config.PropertyPlaceholderConfigurer]Loading properties file from class path resource [jdbc.properties]
  [INFO] [2018-03-09 20:12:51][org.springframework.beans.factory.annotation.AutowiredAnnotationBeanPostProcessor]JSR-330 'javax.inject.Inject' annotation found and supported for autowiring
  [INFO] [2018-03-09 20:12:51][org.springframework.web.servlet.handler.SimpleUrlHandlerMapping]Mapped URL path [/**] onto handler 'org.springframework.web.servlet.resource.DefaultServletHttpRequestHandler#0'
  [INFO] [2018-03-09 20:12:51][org.springframework.web.servlet.mvc.method.annotation.RequestMappingHandlerMapping]Mapped "{[/checklogin]}" onto public java.lang.String com.cms.Controller.LoginController.checkLogin(java.lang.String,java.lang.String,javax.servlet.http.HttpSession)
  [INFO] [2018-03-09 20:12:52][org.springframework.web.servlet.mvc.method.annotation.RequestMappingHandlerAdapter]Looking for @ControllerAdvice: org.springframework.context.support.GenericApplicationContext@3327bd23: startup date [Fri Mar 09 20:12:50 CST 2018]; root of context hierarchy
  [INFO] [2018-03-09 20:12:52][org.springframework.web.servlet.mvc.method.annotation.RequestMappingHandlerAdapter]Looking for @ControllerAdvice: org.springframework.context.support.GenericApplicationContext@3327bd23: startup date [Fri Mar 09 20:12:50 CST 2018]; root of context hierarchy
  [INFO] [2018-03-09 20:12:52][org.springframework.context.support.ClassPathXmlApplicationContext]Refreshing org.springframework.context.support.ClassPathXmlApplicationContext@556d0826: startup date [Fri Mar 09 20:12:52 CST 2018]; root of context hierarchy
  [INFO] [2018-03-09 20:12:52][org.springframework.beans.factory.xml.XmlBeanDefinitionReader]Loading XML bean definitions from class path resource [spring-mybatis.xml]
  [INFO] [2018-03-09 20:12:52][org.springframework.beans.factory.config.PropertyPlaceholderConfigurer]Loading properties file from class path resource [jdbc.properties]
  [INFO] [2018-03-09 20:12:52][org.springframework.beans.factory.annotation.AutowiredAnnotationBeanPostProcessor]JSR-330 'javax.inject.Inject' annotation found and supported for autowiring
  [INFO] [2018-03-09 20:12:52][org.springframework.context.support.GenericApplicationContext]Closing org.springframework.context.support.GenericApplicationContext@3327bd23: startup date [Fri Mar 09 20:12:50 CST 2018]; root of context hierarchy
  [INFO] [2018-03-09 20:13:31][org.springframework.test.context.support.DefaultTestContextBootstrapper]Loaded default TestExecutionListener class names from location [META-INF/spring.factories]: [org.springframework.test.context.web.ServletTestExecutionListener, org.springframework.test.context.support.DirtiesContextBeforeModesTestExecutionListener, org.springframework.test.context.support.DependencyInjectionTestExecutionListener, org.springframework.test.context.support.DirtiesContextTestExecutionListener, org.springframework.test.context.transaction.TransactionalTestExecutionListener, org.springframework.test.context.jdbc.SqlScriptsTestExecutionListener]
  [INFO] [2018-03-09 20:13:31][org.springframework.test.context.support.DefaultTestContextBootstrapper]Using TestExecutionListeners: [org.springframework.test.context.web.ServletTestExecutionListener@26653222, org.springframework.test.context.support.DirtiesContextBeforeModesTestExecutionListener@3532ec19, org.springframework.test.context.support.DependencyInjectionTestExecutionListener@68c4039c, org.springframework.test.context.support.DirtiesContextTestExecutionListener@ae45eb6, org.springframework.test.context.transaction.TransactionalTestExecutionListener@59f99ea, org.springframework.test.context.jdbc.SqlScriptsTestExecutionListener@27efef64]
  [INFO] [2018-03-09 20:13:32][org.springframework.beans.factory.xml.XmlBeanDefinitionReader]Loading XML bean definitions from URL [file:/E:/IDEAWorkPlace/studenthelper/target/classes/spring-mvc.xml]
  [INFO] [2018-03-09 20:13:32][org.springframework.beans.factory.xml.XmlBeanDefinitionReader]Loading XML bean definitions from URL [file:/E:/IDEAWorkPlace/studenthelper/target/classes/spring-mybatis.xml]
  [INFO] [2018-03-09 20:13:32][org.springframework.context.support.GenericApplicationContext]Refreshing org.springframework.context.support.GenericApplicationContext@3327bd23: startup date [Fri Mar 09 20:13:32 CST 2018]; root of context hierarchy
  [INFO] [2018-03-09 20:13:32][org.springframework.beans.factory.config.PropertyPlaceholderConfigurer]Loading properties file from class path resource [jdbc.properties]
  [INFO] [2018-03-09 20:13:32][org.springframework.beans.factory.annotation.AutowiredAnnotationBeanPostProcessor]JSR-330 'javax.inject.Inject' annotation found and supported for autowiring
  [INFO] [2018-03-09 20:13:33][org.springframework.web.servlet.handler.SimpleUrlHandlerMapping]Mapped URL path [/**] onto handler 'org.springframework.web.servlet.resource.DefaultServletHttpRequestHandler#0'
  [INFO] [2018-03-09 20:13:33][org.springframework.web.servlet.mvc.method.annotation.RequestMappingHandlerMapping]Mapped "{[/checklogin]}" onto public java.lang.String com.cms.Controller.LoginController.checkLogin(java.lang.String,java.lang.String,javax.servlet.http.HttpSession)
  [INFO] [2018-03-09 20:13:33][org.springframework.web.servlet.mvc.method.annotation.RequestMappingHandlerAdapter]Looking for @ControllerAdvice: org.springframework.context.support.GenericApplicationContext@3327bd23: startup date [Fri Mar 09 20:13:32 CST 2018]; root of context hierarchy
  [INFO] [2018-03-09 20:13:34][org.springframework.web.servlet.mvc.method.annotation.RequestMappingHandlerAdapter]Looking for @ControllerAdvice: org.springframework.context.support.GenericApplicationContext@3327bd23: startup date [Fri Mar 09 20:13:32 CST 2018]; root of context hierarchy
  [INFO] [2018-03-09 20:13:34][com.cms.Service.UserService]用户登录
  [INFO] [2018-03-09 20:13:34][org.springframework.context.support.GenericApplicationContext]Closing org.springframework.context.support.GenericApplicationContext@3327bd23: startup date [Fri Mar 09 20:13:32 CST 2018]; root of context hierarchy
  [INFO] [2018-03-09 20:14:21][org.springframework.test.context.support.DefaultTestContextBootstrapper]Loaded default TestExecutionListener class names from location [META-INF/spring.factories]: [org.springframework.test.context.web.ServletTestExecutionListener, org.springframework.test.context.support.DirtiesContextBeforeModesTestExecutionListener, org.springframework.test.context.support.DependencyInjectionTestExecutionListener, org.springframework.test.context.support.DirtiesContextTestExecutionListener, org.springframework.test.context.transaction.TransactionalTestExecutionListener, org.springframework.test.context.jdbc.SqlScriptsTestExecutionListener]
  [INFO] [2018-03-09 20:14:21][org.springframework.test.context.support.DefaultTestContextBootstrapper]Using TestExecutionListeners: [org.springframework.test.context.web.ServletTestExecutionListener@26653222, org.springframework.test.context.support.DirtiesContextBeforeModesTestExecutionListener@3532ec19, org.springframework.test.context.support.DependencyInjectionTestExecutionListener@68c4039c, org.springframework.test.context.support.DirtiesContextTestExecutionListener@ae45eb6, org.springframework.test.context.transaction.TransactionalTestExecutionListener@59f99ea, org.springframework.test.context.jdbc.SqlScriptsTestExecutionListener@27efef64]
  [INFO] [2018-03-09 20:14:21][org.springframework.beans.factory.xml.XmlBeanDefinitionReader]Loading XML bean definitions from URL [file:/E:/IDEAWorkPlace/studenthelper/target/classes/spring-mvc.xml]
  [INFO] [2018-03-09 20:14:22][org.springframework.beans.factory.xml.XmlBeanDefinitionReader]Loading XML bean definitions from URL [file:/E:/IDEAWorkPlace/studenthelper/target/classes/spring-mybatis.xml]
  [INFO] [2018-03-09 20:14:22][org.springframework.context.support.GenericApplicationContext]Refreshing org.springframework.context.support.GenericApplicationContext@3327bd23: startup date [Fri Mar 09 20:14:22 CST 2018]; root of context hierarchy
  [INFO] [2018-03-09 20:14:22][org.springframework.beans.factory.config.PropertyPlaceholderConfigurer]Loading properties file from class path resource [jdbc.properties]
  [INFO] [2018-03-09 20:14:22][org.springframework.beans.factory.annotation.AutowiredAnnotationBeanPostProcessor]JSR-330 'javax.inject.Inject' annotation found and supported for autowiring
  [INFO] [2018-03-09 20:14:23][org.springframework.web.servlet.handler.SimpleUrlHandlerMapping]Mapped URL path [/**] onto handler 'org.springframework.web.servlet.resource.DefaultServletHttpRequestHandler#0'
  [INFO] [2018-03-09 20:14:23][org.springframework.web.servlet.mvc.method.annotation.RequestMappingHandlerMapping]Mapped "{[/checklogin]}" onto public java.lang.String com.cms.Controller.LoginController.checkLogin(java.lang.String,java.lang.String,javax.servlet.http.HttpSession)
  [INFO] [2018-03-09 20:14:23][org.springframework.web.servlet.mvc.method.annotation.RequestMappingHandlerAdapter]Looking for @ControllerAdvice: org.springframework.context.support.GenericApplicationContext@3327bd23: startup date [Fri Mar 09 20:14:22 CST 2018]; root of context hierarchy
  [INFO] [2018-03-09 20:14:23][org.springframework.web.servlet.mvc.method.annotation.RequestMappingHandlerAdapter]Looking for @ControllerAdvice: org.springframework.context.support.GenericApplicationContext@3327bd23: startup date [Fri Mar 09 20:14:22 CST 2018]; root of context hierarchy
  [INFO] [2018-03-09 20:14:24][com.cms.Service.UserService]用户登录
  [INFO] [2018-03-09 20:14:24][org.springframework.context.support.GenericApplicationContext]Closing org.springframework.context.support.GenericApplicationContext@3327bd23: startup date [Fri Mar 09 20:14:22 CST 2018]; root of context hierarchy
  [INFO] [2018-03-09 20:14:46][org.springframework.test.context.support.DefaultTestContextBootstrapper]Loaded default TestExecutionListener class names from location [META-INF/spring.factories]: [org.springframework.test.context.web.ServletTestExecutionListener, org.springframework.test.context.support.DirtiesContextBeforeModesTestExecutionListener, org.springframework.test.context.support.DependencyInjectionTestExecutionListener, org.springframework.test.context.support.DirtiesContextTestExecutionListener, org.springframework.test.context.transaction.TransactionalTestExecutionListener, org.springframework.test.context.jdbc.SqlScriptsTestExecutionListener]
  [INFO] [2018-03-09 20:14:46][org.springframework.test.context.support.DefaultTestContextBootstrapper]Using TestExecutionListeners: [org.springframework.test.context.web.ServletTestExecutionListener@26653222, org.springframework.test.context.support.DirtiesContextBeforeModesTestExecutionListener@3532ec19, org.springframework.test.context.support.DependencyInjectionTestExecutionListener@68c4039c, org.springframework.test.context.support.DirtiesContextTestExecutionListener@ae45eb6, org.springframework.test.context.transaction.TransactionalTestExecutionListener@59f99ea, org.springframework.test.context.jdbc.SqlScriptsTestExecutionListener@27efef64]
  [INFO] [2018-03-09 20:14:46][org.springframework.beans.factory.xml.XmlBeanDefinitionReader]Loading XML bean definitions from URL [file:/E:/IDEAWorkPlace/studenthelper/target/classes/spring-mvc.xml]
  [INFO] [2018-03-09 20:14:47][org.springframework.beans.factory.xml.XmlBeanDefinitionReader]Loading XML bean definitions from URL [file:/E:/IDEAWorkPlace/studenthelper/target/classes/spring-mybatis.xml]
  [INFO] [2018-03-09 20:14:47][org.springframework.context.support.GenericApplicationContext]Refreshing org.springframework.context.support.GenericApplicationContext@3327bd23: startup date [Fri Mar 09 20:14:47 CST 2018]; root of context hierarchy
  [INFO] [2018-03-09 20:14:47][org.springframework.beans.factory.config.PropertyPlaceholderConfigurer]Loading properties file from class path resource [jdbc.properties]
  [INFO] [2018-03-09 20:14:47][org.springframework.beans.factory.annotation.AutowiredAnnotationBeanPostProcessor]JSR-330 'javax.inject.Inject' annotation found and supported for autowiring
  [INFO] [2018-03-09 20:14:48][org.springframework.web.servlet.handler.SimpleUrlHandlerMapping]Mapped URL path [/**] onto handler 'org.springframework.web.servlet.resource.DefaultServletHttpRequestHandler#0'
  [INFO] [2018-03-09 20:14:48][org.springframework.web.servlet.mvc.method.annotation.RequestMappingHandlerMapping]Mapped "{[/checklogin]}" onto public java.lang.String com.cms.Controller.LoginController.checkLogin(java.lang.String,java.lang.String,javax.servlet.http.HttpSession)
  [INFO] [2018-03-09 20:14:48][org.springframework.web.servlet.mvc.method.annotation.RequestMappingHandlerAdapter]Looking for @ControllerAdvice: org.springframework.context.support.GenericApplicationContext@3327bd23: startup date [Fri Mar 09 20:14:47 CST 2018]; root of context hierarchy
  [INFO] [2018-03-09 20:14:48][org.springframework.web.servlet.mvc.method.annotation.RequestMappingHandlerAdapter]Looking for @ControllerAdvice: org.springframework.context.support.GenericApplicationContext@3327bd23: startup date [Fri Mar 09 20:14:47 CST 2018]; root of context hierarchy
  [INFO] [2018-03-09 20:14:48][com.cms.Service.UserService]用户登录
  [INFO] [2018-03-09 20:14:50][org.springframework.context.support.GenericApplicationContext]Closing org.springframework.context.support.GenericApplicationContext@3327bd23: startup date [Fri Mar 09 20:14:47 CST 2018]; root of context hierarchy
  [INFO] [2018-03-09 20:15:30][org.springframework.test.context.support.DefaultTestContextBootstrapper]Loaded default TestExecutionListener class names from location [META-INF/spring.factories]: [org.springframework.test.context.web.ServletTestExecutionListener, org.springframework.test.context.support.DirtiesContextBeforeModesTestExecutionListener, org.springframework.test.context.support.DependencyInjectionTestExecutionListener, org.springframework.test.context.support.DirtiesContextTestExecutionListener, org.springframework.test.context.transaction.TransactionalTestExecutionListener, org.springframework.test.context.jdbc.SqlScriptsTestExecutionListener]
  [INFO] [2018-03-09 20:15:30][org.springframework.test.context.support.DefaultTestContextBootstrapper]Using TestExecutionListeners: [org.springframework.test.context.web.ServletTestExecutionListener@26653222, org.springframework.test.context.support.DirtiesContextBeforeModesTestExecutionListener@3532ec19, org.springframework.test.context.support.DependencyInjectionTestExecutionListener@68c4039c, org.springframework.test.context.support.DirtiesContextTestExecutionListener@ae45eb6, org.springframework.test.context.transaction.TransactionalTestExecutionListener@59f99ea, org.springframework.test.context.jdbc.SqlScriptsTestExecutionListener@27efef64]
  [INFO] [2018-03-09 20:15:30][org.springframework.beans.factory.xml.XmlBeanDefinitionReader]Loading XML bean definitions from URL [file:/E:/IDEAWorkPlace/studenthelper/target/classes/spring-mvc.xml]
  [INFO] [2018-03-09 20:15:31][org.springframework.beans.factory.xml.XmlBeanDefinitionReader]Loading XML bean definitions from URL [file:/E:/IDEAWorkPlace/studenthelper/target/classes/spring-mybatis.xml]
  [INFO] [2018-03-09 20:15:31][org.springframework.context.support.GenericApplicationContext]Refreshing org.springframework.context.support.GenericApplicationContext@3327bd23: startup date [Fri Mar 09 20:15:31 CST 2018]; root of context hierarchy
  [INFO] [2018-03-09 20:15:31][org.springframework.beans.factory.config.PropertyPlaceholderConfigurer]Loading properties file from class path resource [jdbc.properties]
  [INFO] [2018-03-09 20:15:31][org.springframework.beans.factory.annotation.AutowiredAnnotationBeanPostProcessor]JSR-330 'javax.inject.Inject' annotation found and supported for autowiring
  [INFO] [2018-03-09 20:15:32][org.springframework.web.servlet.handler.SimpleUrlHandlerMapping]Mapped URL path [/**] onto handler 'org.springframework.web.servlet.resource.DefaultServletHttpRequestHandler#0'
  [INFO] [2018-03-09 20:15:32][org.springframework.web.servlet.mvc.method.annotation.RequestMappingHandlerMapping]Mapped "{[/checklogin]}" onto public java.lang.String com.cms.Controller.LoginController.checkLogin(java.lang.String,java.lang.String,javax.servlet.http.HttpSession)
  [INFO] [2018-03-09 20:15:32][org.springframework.web.servlet.mvc.method.annotation.RequestMappingHandlerAdapter]Looking for @ControllerAdvice: org.springframework.context.support.GenericApplicationContext@3327bd23: startup date [Fri Mar 09 20:15:31 CST 2018]; root of context hierarchy
  [INFO] [2018-03-09 20:15:32][org.springframework.web.servlet.mvc.method.annotation.RequestMappingHandlerAdapter]Looking for @ControllerAdvice: org.springframework.context.support.GenericApplicationContext@3327bd23: startup date [Fri Mar 09 20:15:31 CST 2018]; root of context hierarchy
  [INFO] [2018-03-09 20:15:33][com.cms.Service.UserService]用户登录
  [INFO] [2018-03-09 20:15:33][org.springframework.context.support.GenericApplicationContext]Closing org.springframework.context.support.GenericApplicationContext@3327bd23: startup date [Fri Mar 09 20:15:31 CST 2018]; root of context hierarchy
  [INFO] [2018-03-09 20:45:16][org.springframework.test.context.support.DefaultTestContextBootstrapper]Loaded default TestExecutionListener class names from location [META-INF/spring.factories]: [org.springframework.test.context.web.ServletTestExecutionListener, org.springframework.test.context.support.DirtiesContextBeforeModesTestExecutionListener, org.springframework.test.context.support.DependencyInjectionTestExecutionListener, org.springframework.test.context.support.DirtiesContextTestExecutionListener, org.springframework.test.context.transaction.TransactionalTestExecutionListener, org.springframework.test.context.jdbc.SqlScriptsTestExecutionListener]
  [INFO] [2018-03-09 20:45:16][org.springframework.test.context.support.DefaultTestContextBootstrapper]Using TestExecutionListeners: [org.springframework.test.context.web.ServletTestExecutionListener@26653222, org.springframework.test.context.support.DirtiesContextBeforeModesTestExecutionListener@3532ec19, org.springframework.test.context.support.DependencyInjectionTestExecutionListener@68c4039c, org.springframework.test.context.support.DirtiesContextTestExecutionListener@ae45eb6, org.springframework.test.context.transaction.TransactionalTestExecutionListener@59f99ea, org.springframework.test.context.jdbc.SqlScriptsTestExecutionListener@27efef64]
  [INFO] [2018-03-09 20:45:17][org.springframework.beans.factory.xml.XmlBeanDefinitionReader]Loading XML bean definitions from URL [file:/E:/IDEAWorkPlace/studenthelper/target/classes/spring-mvc.xml]
  [INFO] [2018-03-09 20:45:17][org.springframework.beans.factory.xml.XmlBeanDefinitionReader]Loading XML bean definitions from URL [file:/E:/IDEAWorkPlace/studenthelper/target/classes/spring-mybatis.xml]
  [INFO] [2018-03-09 20:45:17][org.springframework.context.support.GenericApplicationContext]Refreshing org.springframework.context.support.GenericApplicationContext@3327bd23: startup date [Fri Mar 09 20:45:17 CST 2018]; root of context hierarchy
  [INFO] [2018-03-09 20:45:18][org.springframework.beans.factory.config.PropertyPlaceholderConfigurer]Loading properties file from class path resource [jdbc.properties]
  [INFO] [2018-03-09 20:45:18][org.springframework.beans.factory.annotation.AutowiredAnnotationBeanPostProcessor]JSR-330 'javax.inject.Inject' annotation found and supported for autowiring
  [INFO] [2018-03-09 20:45:18][org.springframework.web.servlet.handler.SimpleUrlHandlerMapping]Mapped URL path [/**] onto handler 'org.springframework.web.servlet.resource.DefaultServletHttpRequestHandler#0'
  [INFO] [2018-03-09 20:45:18][org.springframework.web.servlet.mvc.method.annotation.RequestMappingHandlerMapping]Mapped "{[/checklogin]}" onto public java.lang.String com.cms.Controller.LoginController.checkLogin(java.lang.String,java.lang.String,javax.servlet.http.HttpSession)
  [INFO] [2018-03-09 20:45:19][org.springframework.web.servlet.mvc.method.annotation.RequestMappingHandlerAdapter]Looking for @ControllerAdvice: org.springframework.context.support.GenericApplicationContext@3327bd23: startup date [Fri Mar 09 20:45:17 CST 2018]; root of context hierarchy
  [INFO] [2018-03-09 20:45:19][org.springframework.web.servlet.mvc.method.annotation.RequestMappingHandlerAdapter]Looking for @ControllerAdvice: org.springframework.context.support.GenericApplicationContext@3327bd23: startup date [Fri Mar 09 20:45:17 CST 2018]; root of context hierarchy
  [INFO] [2018-03-09 20:45:19][org.springframework.context.support.ClassPathXmlApplicationContext]Refreshing org.springframework.context.support.ClassPathXmlApplicationContext@41925502: startup date [Fri Mar 09 20:45:19 CST 2018]; root of context hierarchy
  [INFO] [2018-03-09 20:45:19][org.springframework.beans.factory.xml.XmlBeanDefinitionReader]Loading XML bean definitions from class path resource [spring-mybatis.xml]
  [INFO] [2018-03-09 20:45:19][org.springframework.beans.factory.config.PropertyPlaceholderConfigurer]Loading properties file from class path resource [jdbc.properties]
  [INFO] [2018-03-09 20:45:19][org.springframework.beans.factory.annotation.AutowiredAnnotationBeanPostProcessor]JSR-330 'javax.inject.Inject' annotation found and supported for autowiring
  [INFO] [2018-03-09 20:45:19][org.springframework.context.support.GenericApplicationContext]Closing org.springframework.context.support.GenericApplicationContext@3327bd23: startup date [Fri Mar 09 20:45:17 CST 2018]; root of context hierarchy
  